<?xml version="1.0" encoding="UTF-8"?>
<testng-results ignored="0" total="3" passed="3" failed="0" skipped="0">
  <reporter-output>
  </reporter-output>
  <suite started-at="2023-07-17T15:35:41 IST" name="Default suite" finished-at="2023-07-17T15:35:42 IST" duration-ms="902">
    <groups>
    </groups>
    <test started-at="2023-07-17T15:35:41 IST" name="Default test" finished-at="2023-07-17T15:35:42 IST" duration-ms="902">
      <class name="selenium.annotaton">
        <test-method is-config="true" signature="setUP()[pri:0, instance:selenium.annotaton@1530c739]" started-at="2023-07-17T15:35:41 IST" name="setUP" finished-at="2023-07-17T15:35:41 IST" duration-ms="45" status="PASS">
          <reporter-output>
          </reporter-output>
        </test-method> <!-- setUP -->
        <test-method is-config="true" signature="URL()[pri:0, instance:selenium.annotaton@1530c739]" started-at="2023-07-17T15:35:42 IST" name="URL" finished-at="2023-07-17T15:35:42 IST" duration-ms="1" status="PASS">
          <reporter-output>
          </reporter-output>
        </test-method> <!-- URL -->
        <test-method is-config="true" signature="launchBrowser()[pri:0, instance:selenium.annotaton@1530c739]" started-at="2023-07-17T15:35:42 IST" name="launchBrowser" finished-at="2023-07-17T15:35:42 IST" duration-ms="9" status="PASS">
          <reporter-output>
          </reporter-output>
        </test-method> <!-- launchBrowser -->
        <test-method is-config="true" signature="login()[pri:0, instance:selenium.annotaton@1530c739]" started-at="2023-07-17T15:35:42 IST" name="login" finished-at="2023-07-17T15:35:42 IST" duration-ms="4" status="PASS">
          <reporter-output>
          </reporter-output>
        </test-method> <!-- login -->
        <test-method signature="googleTitle3()[pri:0, instance:selenium.annotaton@1530c739]" started-at="2023-07-17T15:35:42 IST" name="googleTitle3" finished-at="2023-07-17T15:35:42 IST" duration-ms="36" status="PASS">
          <reporter-output>
          </reporter-output>
        </test-method> <!-- googleTitle3 -->
        <test-method is-config="true" signature="logout()[pri:0, instance:selenium.annotaton@1530c739]" started-at="2023-07-17T15:35:42 IST" name="logout" finished-at="2023-07-17T15:35:42 IST" duration-ms="2" status="PASS">
          <reporter-output>
          </reporter-output>
        </test-method> <!-- logout -->
        <test-method is-config="true" signature="login()[pri:0, instance:selenium.annotaton@1530c739]" started-at="2023-07-17T15:35:42 IST" name="login" finished-at="2023-07-17T15:35:42 IST" duration-ms="3" status="PASS">
          <reporter-output>
          </reporter-output>
        </test-method> <!-- login -->
        <test-method signature="googletitle1()[pri:0, instance:selenium.annotaton@1530c739]" started-at="2023-07-17T15:35:42 IST" name="googletitle1" finished-at="2023-07-17T15:35:42 IST" duration-ms="44" status="PASS">
          <reporter-output>
          </reporter-output>
        </test-method> <!-- googletitle1 -->
        <test-method is-config="true" signature="logout()[pri:0, instance:selenium.annotaton@1530c739]" started-at="2023-07-17T15:35:42 IST" name="logout" finished-at="2023-07-17T15:35:42 IST" duration-ms="4" status="PASS">
          <reporter-output>
          </reporter-output>
        </test-method> <!-- logout -->
        <test-method is-config="true" signature="login()[pri:0, instance:selenium.annotaton@1530c739]" started-at="2023-07-17T15:35:42 IST" name="login" finished-at="2023-07-17T15:35:42 IST" duration-ms="13" status="PASS">
          <reporter-output>
          </reporter-output>
        </test-method> <!-- login -->
        <test-method signature="googletitle2()[pri:0, instance:selenium.annotaton@1530c739]" started-at="2023-07-17T15:35:42 IST" name="googletitle2" finished-at="2023-07-17T15:35:42 IST" duration-ms="11" status="PASS">
          <reporter-output>
          </reporter-output>
        </test-method> <!-- googletitle2 -->
        <test-method is-config="true" signature="logout()[pri:0, instance:selenium.annotaton@1530c739]" started-at="2023-07-17T15:35:42 IST" name="logout" finished-at="2023-07-17T15:35:42 IST" duration-ms="3" status="PASS">
          <reporter-output>
          </reporter-output>
        </test-method> <!-- logout -->
        <test-method is-config="true" signature="closebrowser()[pri:0, instance:selenium.annotaton@1530c739]" started-at="2023-07-17T15:35:42 IST" name="closebrowser" finished-at="2023-07-17T15:35:42 IST" duration-ms="1" status="PASS">
          <reporter-output>
          </reporter-output>
        </test-method> <!-- closebrowser -->
        <test-method is-config="true" signature="deletecookies()[pri:0, instance:selenium.annotaton@1530c739]" started-at="2023-07-17T15:35:42 IST" name="deletecookies" finished-at="2023-07-17T15:35:42 IST" duration-ms="4" status="PASS">
          <reporter-output>
          </reporter-output>
        </test-method> <!-- deletecookies -->
        <test-method is-config="true" signature="logout1()[pri:0, instance:selenium.annotaton@1530c739]" started-at="2023-07-17T15:35:43 IST" name="logout1" finished-at="2023-07-17T15:35:43 IST" duration-ms="5" status="PASS">
          <reporter-output>
          </reporter-output>
        </test-method> <!-- logout1 -->
      </class> <!-- selenium.annotaton -->
    </test> <!-- Default test -->
  </suite> <!-- Default suite -->
</testng-results>
