<?xml version="1.0" encoding="UTF-8"?>
<!-- Generated by org.testng.reporters.JUnitXMLReporter -->
<testsuite ignored="0" hostname="DESKTOP-89G8Q2R" failures="1" tests="1" name="Test" time="41.234" errors="0" timestamp="2023-07-25T17:38:57 IST">
  <testcase classname="Com.Ecommerce.TestCases.TC_login_testcases" name="logintest" time="8.47">
    <failure type="java.lang.AssertionError" message="expected [true] but found [false]">
      <![CDATA[java.lang.AssertionError: expected [true] but found [false]
at Com.Ecommerce.TestCases.TC_login_testcases.logintest(TC_login_testcases.java:37)
at java.base/java.util.ArrayList.forEach(ArrayList.java:1511)
... Removed 33 stack frames]]>
    </failure>
  </testcase> <!-- logintest -->
</testsuite> <!-- Test -->
