<?xml version="1.0" encoding="UTF-8"?>
<testng-results ignored="0" total="2" passed="2" failed="0" skipped="0">
  <reporter-output>
  </reporter-output>
  <suite started-at="2023-08-22T13:55:54 IST" name="Suite1" finished-at="2023-08-22T13:56:41 IST" duration-ms="47381">
    <groups>
    </groups>
    <test started-at="2023-08-22T13:55:54 IST" name="Test1" finished-at="2023-08-22T13:56:41 IST" duration-ms="47381">
      <class name="TestNG_practice1.parallel">
        <test-method is-config="true" signature="setUp()[pri:0, instance:TestNG_practice1.parallel@25641d39]" started-at="2023-08-22T13:55:54 IST" name="setUp" finished-at="2023-08-22T13:56:32 IST" duration-ms="37942" status="PASS">
          <reporter-output>
          </reporter-output>
        </test-method> <!-- setUp -->
        <test-method signature="logo()[pri:0, instance:TestNG_practice1.parallel@25641d39]" started-at="2023-08-22T13:56:32 IST" name="logo" finished-at="2023-08-22T13:56:36 IST" duration-ms="4086" status="PASS">
          <reporter-output>
          </reporter-output>
        </test-method> <!-- logo -->
        <test-method signature="title()[pri:0, instance:TestNG_practice1.parallel@25641d39]" started-at="2023-08-22T13:56:32 IST" name="title" finished-at="2023-08-22T13:56:33 IST" duration-ms="667" status="PASS">
          <reporter-output>
          </reporter-output>
        </test-method> <!-- title -->
        <test-method is-config="true" signature="TearDown()[pri:0, instance:TestNG_practice1.parallel@25641d39]" started-at="2023-08-22T13:56:36 IST" name="TearDown" finished-at="2023-08-22T13:56:41 IST" duration-ms="4906" status="PASS">
          <reporter-output>
          </reporter-output>
        </test-method> <!-- TearDown -->
      </class> <!-- TestNG_practice1.parallel -->
    </test> <!-- Test1 -->
  </suite> <!-- Suite1 -->
</testng-results>
