<?xml version="1.0" encoding="UTF-8"?>
<testng-results ignored="0" total="1" passed="1" failed="0" skipped="0">
  <reporter-output>
  </reporter-output>
  <suite started-at="2023-07-18T16:21:16 IST" name="Default suite" finished-at="2023-07-18T16:21:57 IST" duration-ms="40725">
    <groups>
    </groups>
    <test started-at="2023-07-18T16:21:16 IST" name="Default test" finished-at="2023-07-18T16:21:57 IST" duration-ms="40725">
      <class name="Byjus.Byjus_video">
        <test-method is-config="true" signature="setup()[pri:0, instance:Byjus.Byjus_video@298a5e20]" started-at="2023-07-18T16:21:16 IST" name="setup" finished-at="2023-07-18T16:21:41 IST" duration-ms="24712" status="PASS">
          <reporter-output>
          </reporter-output>
        </test-method> <!-- setup -->
        <test-method signature="Test()[pri:0, instance:Byjus.Byjus_video@298a5e20]" started-at="2023-07-18T16:21:41 IST" name="Test" finished-at="2023-07-18T16:21:53 IST" duration-ms="12431" status="PASS">
          <reporter-output>
          </reporter-output>
        </test-method> <!-- Test -->
        <test-method is-config="true" signature="TearDown()[pri:0, instance:Byjus.Byjus_video@298a5e20]" started-at="2023-07-18T16:21:53 IST" name="TearDown" finished-at="2023-07-18T16:21:57 IST" duration-ms="3376" status="PASS">
          <reporter-output>
          </reporter-output>
        </test-method> <!-- TearDown -->
      </class> <!-- Byjus.Byjus_video -->
    </test> <!-- Default test -->
  </suite> <!-- Default suite -->
</testng-results>
