<?xml version="1.0" encoding="UTF-8"?>
<!-- Generated by org.testng.reporters.JUnitXMLReporter -->
<testsuite ignored="0" hostname="DESKTOP-89G8Q2R" failures="0" tests="3" name="Default test" time="0.902" errors="0" timestamp="2023-07-17T15:35:43 IST">
  <testcase classname="selenium.annotaton" name="googleTitle3" time="0.036"/>
  <testcase classname="selenium.annotaton" name="googletitle1" time="0.044"/>
  <testcase classname="selenium.annotaton" name="googletitle2" time="0.011"/>
</testsuite> <!-- Default test -->
